{"/Users/alexandruvladutu/www/file-share-app/app.js":{"path":"/Users/alexandruvladutu/www/file-share-app/app.js","s":{"1":1,"2":1,"3":1,"4":1,"5":1,"6":1,"7":1,"8":1,"9":1,"10":1,"11":1,"12":1,"13":1,"14":1,"15":1,"16":1,"17":1,"18":1,"19":1,"20":1,"21":1,"22":1,"23":1,"24":1,"25":1,"26":1,"27":1,"28":1,"29":1,"30":1,"31":1,"32":0,"33":1,"34":1,"35":0,"36":0,"37":1,"38":0,"39":0,"40":1},"b":{"1":[1,0],"2":[0,0],"3":[0,0]},"f":{"1":0,"2":0,"3":0},"fnMap":{"1":{"name":"(anonymous_1)","line":52,"loc":{"start":{"line":52,"column":8},"end":{"line":52,"column":33}}},"2":{"name":"(anonymous_2)","line":61,"loc":{"start":{"line":61,"column":10},"end":{"line":61,"column":40}}},"3":{"name":"(anonymous_3)","line":72,"loc":{"start":{"line":72,"column":8},"end":{"line":72,"column":38}}}},"statementMap":{"1":{"start":{"line":3,"column":0},"end":{"line":3,"column":33}},"2":{"start":{"line":4,"column":0},"end":{"line":4,"column":27}},"3":{"start":{"line":5,"column":0},"end":{"line":5,"column":40}},"4":{"start":{"line":7,"column":0},"end":{"line":7,"column":44}},"5":{"start":{"line":8,"column":0},"end":{"line":8,"column":40}},"6":{"start":{"line":9,"column":0},"end":{"line":9,"column":40}},"7":{"start":{"line":10,"column":0},"end":{"line":10,"column":47}},"8":{"start":{"line":11,"column":0},"end":{"line":11,"column":32}},"9":{"start":{"line":12,"column":0},"end":{"line":12,"column":28}},"10":{"start":{"line":13,"column":0},"end":{"line":13,"column":62}},"11":{"start":{"line":14,"column":0},"end":{"line":14,"column":57}},"12":{"start":{"line":16,"column":0},"end":{"line":16,"column":43}},"13":{"start":{"line":17,"column":0},"end":{"line":17,"column":44}},"14":{"start":{"line":19,"column":0},"end":{"line":19,"column":38}},"15":{"start":{"line":20,"column":0},"end":{"line":20,"column":20}},"16":{"start":{"line":21,"column":0},"end":{"line":21,"column":25}},"17":{"start":{"line":24,"column":0},"end":{"line":24,"column":35}},"18":{"start":{"line":25,"column":0},"end":{"line":25,"column":48}},"19":{"start":{"line":26,"column":0},"end":{"line":26,"column":31}},"20":{"start":{"line":28,"column":0},"end":{"line":28,"column":19}},"21":{"start":{"line":32,"column":0},"end":{"line":32,"column":27}},"22":{"start":{"line":33,"column":0},"end":{"line":33,"column":33}},"23":{"start":{"line":35,"column":0},"end":{"line":37,"column":4}},"24":{"start":{"line":38,"column":0},"end":{"line":38,"column":24}},"25":{"start":{"line":39,"column":0},"end":{"line":41,"column":4}},"26":{"start":{"line":42,"column":0},"end":{"line":42,"column":16}},"27":{"start":{"line":44,"column":0},"end":{"line":44,"column":20}},"28":{"start":{"line":46,"column":0},"end":{"line":46,"column":25}},"29":{"start":{"line":47,"column":0},"end":{"line":47,"column":31}},"30":{"start":{"line":49,"column":0},"end":{"line":49,"column":56}},"31":{"start":{"line":52,"column":0},"end":{"line":54,"column":3}},"32":{"start":{"line":53,"column":2},"end":{"line":53,"column":42}},"33":{"start":{"line":60,"column":0},"end":{"line":68,"column":1}},"34":{"start":{"line":61,"column":2},"end":{"line":67,"column":5}},"35":{"start":{"line":62,"column":4},"end":{"line":62,"column":34}},"36":{"start":{"line":63,"column":4},"end":{"line":66,"column":7}},"37":{"start":{"line":72,"column":0},"end":{"line":78,"column":3}},"38":{"start":{"line":73,"column":2},"end":{"line":73,"column":32}},"39":{"start":{"line":74,"column":2},"end":{"line":77,"column":5}},"40":{"start":{"line":80,"column":0},"end":{"line":80,"column":21}}},"branchMap":{"1":{"line":60,"type":"if","locations":[{"start":{"line":60,"column":0},"end":{"line":60,"column":0}},{"start":{"line":60,"column":0},"end":{"line":60,"column":0}}]},"2":{"line":62,"type":"binary-expr","locations":[{"start":{"line":62,"column":15},"end":{"line":62,"column":25}},{"start":{"line":62,"column":29},"end":{"line":62,"column":32}}]},"3":{"line":73,"type":"binary-expr","locations":[{"start":{"line":73,"column":13},"end":{"line":73,"column":23}},{"start":{"line":73,"column":27},"end":{"line":73,"column":30}}]}}},"/Users/alexandruvladutu/www/file-share-app/lib/middleware/csrf-helper.js":{"path":"/Users/alexandruvladutu/www/file-share-app/lib/middleware/csrf-helper.js","s":{"1":1,"2":6,"3":2,"4":6},"b":{},"f":{"1":6,"2":2},"fnMap":{"1":{"name":"(anonymous_1)","line":3,"loc":{"start":{"line":3,"column":17},"end":{"line":3,"column":42}}},"2":{"name":"(anonymous_2)","line":4,"loc":{"start":{"line":4,"column":20},"end":{"line":4,"column":31}}}},"statementMap":{"1":{"start":{"line":3,"column":0},"end":{"line":9,"column":2}},"2":{"start":{"line":4,"column":2},"end":{"line":6,"column":4}},"3":{"start":{"line":5,"column":4},"end":{"line":5,"column":82}},"4":{"start":{"line":8,"column":2},"end":{"line":8,"column":9}}},"branchMap":{}},"/Users/alexandruvladutu/www/file-share-app/routes/index.js":{"path":"/Users/alexandruvladutu/www/file-share-app/routes/index.js","s":{"1":1,"2":1,"3":1,"4":0,"5":1},"b":{},"f":{"1":0},"fnMap":{"1":{"name":"(anonymous_1)","line":7,"loc":{"start":{"line":7,"column":16},"end":{"line":7,"column":35}}}},"statementMap":{"1":{"start":{"line":3,"column":0},"end":{"line":3,"column":33}},"2":{"start":{"line":4,"column":0},"end":{"line":4,"column":30}},"3":{"start":{"line":7,"column":0},"end":{"line":9,"column":3}},"4":{"start":{"line":8,"column":2},"end":{"line":8,"column":56}},"5":{"start":{"line":11,"column":0},"end":{"line":11,"column":24}}},"branchMap":{}},"/Users/alexandruvladutu/www/file-share-app/routes/files.js":{"path":"/Users/alexandruvladutu/www/file-share-app/routes/files.js","s":{"1":1,"2":1,"3":1,"4":1,"5":1,"6":1,"7":1,"8":1,"9":2,"10":2,"11":2,"12":2,"13":2,"14":1,"15":0,"16":1,"17":1,"18":1,"19":0,"20":0,"21":1,"22":2,"23":1,"24":1,"25":1,"26":0,"27":1,"28":2,"29":2,"30":0,"31":2,"32":2,"33":2,"34":1},"b":{"1":[2,0],"2":[0,1],"3":[1,0],"4":[0,2]},"f":{"1":2,"2":2,"3":1,"4":1,"5":2,"6":1,"7":0,"8":2,"9":2},"fnMap":{"1":{"name":"(anonymous_1)","line":12,"loc":{"start":{"line":12,"column":19},"end":{"line":12,"column":48}}},"2":{"name":"(anonymous_2)","line":13,"loc":{"start":{"line":13,"column":28},"end":{"line":13,"column":43}}},"3":{"name":"(anonymous_3)","line":21,"loc":{"start":{"line":21,"column":16},"end":{"line":21,"column":40}}},"4":{"name":"(anonymous_4)","line":25,"loc":{"start":{"line":25,"column":43},"end":{"line":25,"column":59}}},"5":{"name":"(anonymous_5)","line":40,"loc":{"start":{"line":40,"column":16},"end":{"line":40,"column":41}}},"6":{"name":"(anonymous_6)","line":44,"loc":{"start":{"line":44,"column":24},"end":{"line":44,"column":49}}},"7":{"name":"(anonymous_7)","line":53,"loc":{"start":{"line":53,"column":28},"end":{"line":53,"column":53}}},"8":{"name":"(anonymous_8)","line":57,"loc":{"start":{"line":57,"column":17},"end":{"line":57,"column":42}}},"9":{"name":"(anonymous_9)","line":63,"loc":{"start":{"line":63,"column":58},"end":{"line":63,"column":69}}}},"statementMap":{"1":{"start":{"line":3,"column":0},"end":{"line":3,"column":33}},"2":{"start":{"line":4,"column":0},"end":{"line":4,"column":46}},"3":{"start":{"line":5,"column":0},"end":{"line":5,"column":29}},"4":{"start":{"line":6,"column":0},"end":{"line":6,"column":37}},"5":{"start":{"line":7,"column":0},"end":{"line":7,"column":37}},"6":{"start":{"line":8,"column":0},"end":{"line":8,"column":55}},"7":{"start":{"line":10,"column":0},"end":{"line":10,"column":30}},"8":{"start":{"line":12,"column":0},"end":{"line":38,"column":3}},"9":{"start":{"line":13,"column":2},"end":{"line":37,"column":6}},"10":{"start":{"line":14,"column":4},"end":{"line":14,"column":24}},"11":{"start":{"line":17,"column":4},"end":{"line":17,"column":20}},"12":{"start":{"line":19,"column":4},"end":{"line":36,"column":5}},"13":{"start":{"line":21,"column":6},"end":{"line":32,"column":25}},"14":{"start":{"line":22,"column":8},"end":{"line":22,"column":34}},"15":{"start":{"line":22,"column":20},"end":{"line":22,"column":32}},"16":{"start":{"line":25,"column":8},"end":{"line":31,"column":12}},"17":{"start":{"line":26,"column":10},"end":{"line":28,"column":11}},"18":{"start":{"line":27,"column":12},"end":{"line":27,"column":37}},"19":{"start":{"line":30,"column":10},"end":{"line":30,"column":15}},"20":{"start":{"line":35,"column":6},"end":{"line":35,"column":13}},"21":{"start":{"line":40,"column":0},"end":{"line":42,"column":3}},"22":{"start":{"line":41,"column":2},"end":{"line":41,"column":52}},"23":{"start":{"line":44,"column":0},"end":{"line":51,"column":3}},"24":{"start":{"line":45,"column":2},"end":{"line":50,"column":5}},"25":{"start":{"line":53,"column":0},"end":{"line":55,"column":3}},"26":{"start":{"line":54,"column":2},"end":{"line":54,"column":50}},"27":{"start":{"line":57,"column":0},"end":{"line":66,"column":3}},"28":{"start":{"line":58,"column":2},"end":{"line":58,"column":32}},"29":{"start":{"line":59,"column":2},"end":{"line":59,"column":56}},"30":{"start":{"line":59,"column":24},"end":{"line":59,"column":54}},"31":{"start":{"line":61,"column":2},"end":{"line":61,"column":32}},"32":{"start":{"line":63,"column":2},"end":{"line":65,"column":6}},"33":{"start":{"line":64,"column":4},"end":{"line":64,"column":48}},"34":{"start":{"line":68,"column":0},"end":{"line":68,"column":24}}},"branchMap":{"1":{"line":19,"type":"if","locations":[{"start":{"line":19,"column":4},"end":{"line":19,"column":4}},{"start":{"line":19,"column":4},"end":{"line":19,"column":4}}]},"2":{"line":22,"type":"if","locations":[{"start":{"line":22,"column":8},"end":{"line":22,"column":8}},{"start":{"line":22,"column":8},"end":{"line":22,"column":8}}]},"3":{"line":26,"type":"if","locations":[{"start":{"line":26,"column":10},"end":{"line":26,"column":10}},{"start":{"line":26,"column":10},"end":{"line":26,"column":10}}]},"4":{"line":59,"type":"if","locations":[{"start":{"line":59,"column":2},"end":{"line":59,"column":2}},{"start":{"line":59,"column":2},"end":{"line":59,"column":2}}]}}},"/Users/alexandruvladutu/www/file-share-app/models/file.js":{"path":"/Users/alexandruvladutu/www/file-share-app/models/file.js","s":{"1":1,"2":1,"3":1,"4":1,"5":1,"6":1,"7":1,"8":1,"9":1,"10":1,"11":1,"12":10,"13":10,"14":10,"15":1,"16":2,"17":2,"18":2,"19":1,"20":1,"21":1,"22":1,"23":1,"24":3,"25":1,"26":3,"27":1,"28":5,"29":1,"30":2,"31":1,"32":7,"33":1,"34":4,"35":4,"36":1,"37":3,"38":1,"39":2,"40":2,"41":1,"42":2,"43":2,"44":2,"45":1,"46":1,"47":1},"b":{"1":[10,3],"2":[10,8],"3":[1,1],"4":[1,3]},"f":{"1":10,"2":2,"3":2,"4":1,"5":3,"6":3,"7":5,"8":2,"9":7,"10":4,"11":4,"12":2,"13":2,"14":2,"15":2,"16":2},"fnMap":{"1":{"name":"File","line":14,"loc":{"start":{"line":14,"column":0},"end":{"line":14,"column":27}}},"2":{"name":"(anonymous_2)","line":20,"loc":{"start":{"line":20,"column":22},"end":{"line":20,"column":51}}},"3":{"name":"(anonymous_3)","line":23,"loc":{"start":{"line":23,"column":28},"end":{"line":23,"column":39}}},"4":{"name":"(anonymous_4)","line":26,"loc":{"start":{"line":26,"column":38},"end":{"line":26,"column":63}}},"5":{"name":"(anonymous_5)","line":34,"loc":{"start":{"line":34,"column":22},"end":{"line":34,"column":41}}},"6":{"name":"(anonymous_6)","line":38,"loc":{"start":{"line":38,"column":26},"end":{"line":38,"column":39}}},"7":{"name":"(anonymous_7)","line":42,"loc":{"start":{"line":42,"column":37},"end":{"line":42,"column":48}}},"8":{"name":"(anonymous_8)","line":46,"loc":{"start":{"line":46,"column":30},"end":{"line":46,"column":53}}},"9":{"name":"(anonymous_9)","line":51,"loc":{"start":{"line":51,"column":7},"end":{"line":51,"column":18}}},"10":{"name":"(anonymous_10)","line":56,"loc":{"start":{"line":56,"column":14},"end":{"line":56,"column":31}}},"11":{"name":"(anonymous_11)","line":57,"loc":{"start":{"line":57,"column":33},"end":{"line":57,"column":50}}},"12":{"name":"(anonymous_12)","line":66,"loc":{"start":{"line":66,"column":16},"end":{"line":66,"column":33}}},"13":{"name":"(anonymous_13)","line":67,"loc":{"start":{"line":67,"column":63},"end":{"line":67,"column":81}}},"14":{"name":"(anonymous_14)","line":72,"loc":{"start":{"line":72,"column":12},"end":{"line":72,"column":29}}},"15":{"name":"(anonymous_15)","line":73,"loc":{"start":{"line":73,"column":28},"end":{"line":73,"column":39}}},"16":{"name":"(anonymous_16)","line":74,"loc":{"start":{"line":74,"column":32},"end":{"line":74,"column":47}}}},"statementMap":{"1":{"start":{"line":3,"column":0},"end":{"line":3,"column":27}},"2":{"start":{"line":4,"column":0},"end":{"line":4,"column":23}},"3":{"start":{"line":5,"column":0},"end":{"line":5,"column":26}},"4":{"start":{"line":6,"column":0},"end":{"line":6,"column":27}},"5":{"start":{"line":7,"column":0},"end":{"line":7,"column":29}},"6":{"start":{"line":8,"column":0},"end":{"line":8,"column":32}},"7":{"start":{"line":9,"column":0},"end":{"line":9,"column":34}},"8":{"start":{"line":10,"column":0},"end":{"line":10,"column":37}},"9":{"start":{"line":11,"column":0},"end":{"line":11,"column":39}},"10":{"start":{"line":12,"column":0},"end":{"line":12,"column":54}},"11":{"start":{"line":14,"column":0},"end":{"line":18,"column":1}},"12":{"start":{"line":15,"column":2},"end":{"line":15,"column":25}},"13":{"start":{"line":16,"column":2},"end":{"line":16,"column":78}},"14":{"start":{"line":17,"column":2},"end":{"line":17,"column":60}},"15":{"start":{"line":20,"column":0},"end":{"line":32,"column":2}},"16":{"start":{"line":21,"column":2},"end":{"line":21,"column":19}},"17":{"start":{"line":23,"column":2},"end":{"line":31,"column":6}},"18":{"start":{"line":24,"column":4},"end":{"line":24,"column":49}},"19":{"start":{"line":24,"column":21},"end":{"line":24,"column":47}},"20":{"start":{"line":26,"column":4},"end":{"line":30,"column":8}},"21":{"start":{"line":27,"column":6},"end":{"line":27,"column":39}},"22":{"start":{"line":29,"column":6},"end":{"line":29,"column":25}},"23":{"start":{"line":34,"column":0},"end":{"line":36,"column":2}},"24":{"start":{"line":35,"column":2},"end":{"line":35,"column":33}},"25":{"start":{"line":38,"column":0},"end":{"line":40,"column":2}},"26":{"start":{"line":39,"column":2},"end":{"line":39,"column":67}},"27":{"start":{"line":42,"column":0},"end":{"line":44,"column":2}},"28":{"start":{"line":43,"column":2},"end":{"line":43,"column":26}},"29":{"start":{"line":46,"column":0},"end":{"line":48,"column":2}},"30":{"start":{"line":47,"column":2},"end":{"line":47,"column":45}},"31":{"start":{"line":50,"column":0},"end":{"line":54,"column":3}},"32":{"start":{"line":52,"column":4},"end":{"line":52,"column":36}},"33":{"start":{"line":56,"column":0},"end":{"line":64,"column":2}},"34":{"start":{"line":57,"column":2},"end":{"line":63,"column":5}},"35":{"start":{"line":58,"column":4},"end":{"line":60,"column":5}},"36":{"start":{"line":59,"column":6},"end":{"line":59,"column":54}},"37":{"start":{"line":62,"column":4},"end":{"line":62,"column":9}},"38":{"start":{"line":66,"column":0},"end":{"line":70,"column":2}},"39":{"start":{"line":67,"column":2},"end":{"line":69,"column":6}},"40":{"start":{"line":68,"column":4},"end":{"line":68,"column":34}},"41":{"start":{"line":72,"column":0},"end":{"line":78,"column":2}},"42":{"start":{"line":73,"column":2},"end":{"line":77,"column":6}},"43":{"start":{"line":74,"column":4},"end":{"line":76,"column":8}},"44":{"start":{"line":75,"column":6},"end":{"line":75,"column":35}},"45":{"start":{"line":80,"column":0},"end":{"line":80,"column":57}},"46":{"start":{"line":82,"column":0},"end":{"line":82,"column":28}},"47":{"start":{"line":84,"column":0},"end":{"line":84,"column":22}}},"branchMap":{"1":{"line":15,"type":"binary-expr","locations":[{"start":{"line":15,"column":12},"end":{"line":15,"column":14}},{"start":{"line":15,"column":18},"end":{"line":15,"column":24}}]},"2":{"line":17,"type":"binary-expr","locations":[{"start":{"line":17,"column":25},"end":{"line":17,"column":45}},{"start":{"line":17,"column":49},"end":{"line":17,"column":59}}]},"3":{"line":24,"type":"if","locations":[{"start":{"line":24,"column":4},"end":{"line":24,"column":4}},{"start":{"line":24,"column":4},"end":{"line":24,"column":4}}]},"4":{"line":58,"type":"if","locations":[{"start":{"line":58,"column":4},"end":{"line":58,"column":4}},{"start":{"line":58,"column":4},"end":{"line":58,"column":4}}]}}},"/Users/alexandruvladutu/www/file-share-app/lib/hash.js":{"path":"/Users/alexandruvladutu/www/file-share-app/lib/hash.js","s":{"1":1,"2":1,"3":1,"4":1,"5":1,"6":1,"7":1,"8":1,"9":1,"10":1},"b":{},"f":{"1":1,"2":1,"3":1,"4":1},"fnMap":{"1":{"name":"(anonymous_1)","line":8,"loc":{"start":{"line":8,"column":16},"end":{"line":8,"column":39}}},"2":{"name":"(anonymous_2)","line":9,"loc":{"start":{"line":9,"column":31},"end":{"line":9,"column":46}}},"3":{"name":"(anonymous_3)","line":10,"loc":{"start":{"line":10,"column":42},"end":{"line":10,"column":57}}},"4":{"name":"(anonymous_4)","line":16,"loc":{"start":{"line":16,"column":15},"end":{"line":16,"column":44}}}},"statementMap":{"1":{"start":{"line":3,"column":0},"end":{"line":3,"column":31}},"2":{"start":{"line":4,"column":0},"end":{"line":4,"column":29}},"3":{"start":{"line":6,"column":0},"end":{"line":6,"column":14}},"4":{"start":{"line":8,"column":0},"end":{"line":14,"column":2}},"5":{"start":{"line":9,"column":2},"end":{"line":13,"column":6}},"6":{"start":{"line":10,"column":4},"end":{"line":12,"column":8}},"7":{"start":{"line":11,"column":6},"end":{"line":11,"column":21}},"8":{"start":{"line":16,"column":0},"end":{"line":18,"column":2}},"9":{"start":{"line":17,"column":2},"end":{"line":17,"column":37}},"10":{"start":{"line":20,"column":0},"end":{"line":20,"column":22}}},"branchMap":{}}}