TN:
SF:/Users/alexandruvladutu/www/file-share-app/app.js
FN:52,(anonymous_1)
FN:61,(anonymous_2)
FN:72,(anonymous_3)
FNF:3
FNH:0
FNDA:0,(anonymous_1)
FNDA:0,(anonymous_2)
FNDA:0,(anonymous_3)
DA:3,1
DA:4,1
DA:5,1
DA:7,1
DA:8,1
DA:9,1
DA:10,1
DA:11,1
DA:12,1
DA:13,1
DA:14,1
DA:16,1
DA:17,1
DA:19,1
DA:20,1
DA:21,1
DA:24,1
DA:25,1
DA:26,1
DA:28,1
DA:32,1
DA:33,1
DA:35,1
DA:38,1
DA:39,1
DA:42,1
DA:44,1
DA:46,1
DA:47,1
DA:49,1
DA:52,1
DA:53,0
DA:60,1
DA:61,1
DA:62,0
DA:63,0
DA:72,1
DA:73,0
DA:74,0
DA:80,1
LF:40
LH:35
BRDA:60,1,0,1
BRDA:60,1,1,0
BRDA:62,2,0,0
BRDA:62,2,1,0
BRDA:73,3,0,0
BRDA:73,3,1,0
BRF:6
BRH:1
end_of_record
TN:
SF:/Users/alexandruvladutu/www/file-share-app/lib/middleware/csrf-helper.js
FN:3,(anonymous_1)
FN:4,(anonymous_2)
FNF:2
FNH:2
FNDA:6,(anonymous_1)
FNDA:2,(anonymous_2)
DA:3,1
DA:4,6
DA:5,2
DA:8,6
LF:4
LH:4
BRF:0
BRH:0
end_of_record
TN:
SF:/Users/alexandruvladutu/www/file-share-app/routes/index.js
FN:7,(anonymous_1)
FNF:1
FNH:0
FNDA:0,(anonymous_1)
DA:3,1
DA:4,1
DA:7,1
DA:8,0
DA:11,1
LF:5
LH:4
BRF:0
BRH:0
end_of_record
TN:
SF:/Users/alexandruvladutu/www/file-share-app/routes/files.js
FN:12,(anonymous_1)
FN:13,(anonymous_2)
FN:21,(anonymous_3)
FN:25,(anonymous_4)
FN:40,(anonymous_5)
FN:44,(anonymous_6)
FN:53,(anonymous_7)
FN:57,(anonymous_8)
FN:63,(anonymous_9)
FNF:9
FNH:8
FNDA:2,(anonymous_1)
FNDA:2,(anonymous_2)
FNDA:1,(anonymous_3)
FNDA:1,(anonymous_4)
FNDA:2,(anonymous_5)
FNDA:1,(anonymous_6)
FNDA:0,(anonymous_7)
FNDA:2,(anonymous_8)
FNDA:2,(anonymous_9)
DA:3,1
DA:4,1
DA:5,1
DA:6,1
DA:7,1
DA:8,1
DA:10,1
DA:12,1
DA:13,2
DA:14,2
DA:17,2
DA:19,2
DA:21,2
DA:22,1
DA:25,1
DA:26,1
DA:27,1
DA:30,0
DA:35,0
DA:40,1
DA:41,2
DA:44,1
DA:45,1
DA:53,1
DA:54,0
DA:57,1
DA:58,2
DA:59,2
DA:61,2
DA:63,2
DA:64,2
DA:68,1
LF:32
LH:29
BRDA:19,1,0,2
BRDA:19,1,1,0
BRDA:22,2,0,0
BRDA:22,2,1,1
BRDA:26,3,0,1
BRDA:26,3,1,0
BRDA:59,4,0,0
BRDA:59,4,1,2
BRF:8
BRH:4
end_of_record
TN:
SF:/Users/alexandruvladutu/www/file-share-app/models/file.js
FN:14,File
FN:20,(anonymous_2)
FN:23,(anonymous_3)
FN:26,(anonymous_4)
FN:34,(anonymous_5)
FN:38,(anonymous_6)
FN:42,(anonymous_7)
FN:46,(anonymous_8)
FN:51,(anonymous_9)
FN:56,(anonymous_10)
FN:57,(anonymous_11)
FN:66,(anonymous_12)
FN:67,(anonymous_13)
FN:72,(anonymous_14)
FN:73,(anonymous_15)
FN:74,(anonymous_16)
FNF:16
FNH:16
FNDA:10,File
FNDA:2,(anonymous_2)
FNDA:2,(anonymous_3)
FNDA:1,(anonymous_4)
FNDA:3,(anonymous_5)
FNDA:3,(anonymous_6)
FNDA:5,(anonymous_7)
FNDA:2,(anonymous_8)
FNDA:7,(anonymous_9)
FNDA:4,(anonymous_10)
FNDA:4,(anonymous_11)
FNDA:2,(anonymous_12)
FNDA:2,(anonymous_13)
FNDA:2,(anonymous_14)
FNDA:2,(anonymous_15)
FNDA:2,(anonymous_16)
DA:3,1
DA:4,1
DA:5,1
DA:6,1
DA:7,1
DA:8,1
DA:9,1
DA:10,1
DA:11,1
DA:12,1
DA:14,1
DA:15,10
DA:16,10
DA:17,10
DA:20,1
DA:21,2
DA:23,2
DA:24,2
DA:26,1
DA:27,1
DA:29,1
DA:34,1
DA:35,3
DA:38,1
DA:39,3
DA:42,1
DA:43,5
DA:46,1
DA:47,2
DA:50,1
DA:52,7
DA:56,1
DA:57,4
DA:58,4
DA:59,1
DA:62,3
DA:66,1
DA:67,2
DA:68,2
DA:72,1
DA:73,2
DA:74,2
DA:75,2
DA:80,1
DA:82,1
DA:84,1
LF:46
LH:46
BRDA:15,1,0,10
BRDA:15,1,1,3
BRDA:17,2,0,10
BRDA:17,2,1,8
BRDA:24,3,0,1
BRDA:24,3,1,1
BRDA:58,4,0,1
BRDA:58,4,1,3
BRF:8
BRH:8
end_of_record
TN:
SF:/Users/alexandruvladutu/www/file-share-app/lib/hash.js
FN:8,(anonymous_1)
FN:9,(anonymous_2)
FN:10,(anonymous_3)
FN:16,(anonymous_4)
FNF:4
FNH:4
FNDA:1,(anonymous_1)
FNDA:1,(anonymous_2)
FNDA:1,(anonymous_3)
FNDA:1,(anonymous_4)
DA:3,1
DA:4,1
DA:6,1
DA:8,1
DA:9,1
DA:10,1
DA:11,1
DA:16,1
DA:17,1
DA:20,1
LF:10
LH:10
BRF:0
BRH:0
end_of_record
